{"C:\\Users\\user\\Documents\\Project_1\\rise\\src\\app.ts": {"path":"C:\\Users\\user\\Documents\\Project_1\\rise\\src\\app.ts","statementMap":{"0":{"start":{"line":1,"column":0},"end":{"line":1,"column":25}},"1":{"start":{"line":2,"column":0},"end":{"line":2,"column":38}},"2":{"start":{"line":3,"column":0},"end":{"line":3,"column":24}},"3":{"start":{"line":4,"column":0},"end":{"line":4,"column":47}},"4":{"start":{"line":5,"column":0},"end":{"line":5,"column":28}},"5":{"start":{"line":6,"column":0},"end":{"line":6,"column":23}},"6":{"start":{"line":9,"column":0},"end":{"line":9,"column":56}},"7":{"start":{"line":10,"column":0},"end":{"line":10,"column":61}},"8":{"start":{"line":17,"column":8},"end":{"line":17,"column":33}},"9":{"start":{"line":18,"column":8},"end":{"line":18,"column":25}},"10":{"start":{"line":19,"column":8},"end":{"line":19,"column":44}},"11":{"start":{"line":20,"column":8},"end":{"line":20,"column":36}},"12":{"start":{"line":21,"column":8},"end":{"line":21,"column":48}},"13":{"start":{"line":22,"column":8},"end":{"line":22,"column":39}},"14":{"start":{"line":26,"column":8},"end":{"line":26,"column":35}},"15":{"start":{"line":27,"column":8},"end":{"line":27,"column":33}},"16":{"start":{"line":28,"column":8},"end":{"line":28,"column":41}},"17":{"start":{"line":29,"column":8},"end":{"line":29,"column":null}},"18":{"start":{"line":30,"column":8},"end":{"line":30,"column":null}},"19":{"start":{"line":34,"column":8},"end":{"line":36,"column":null}},"20":{"start":{"line":35,"column":12},"end":{"line":35,"column":59}},"21":{"start":{"line":38,"column":8},"end":{"line":40,"column":11}},"22":{"start":{"line":39,"column":12},"end":{"line":39,"column":88}},"23":{"start":{"line":44,"column":8},"end":{"line":44,"column":null}},"24":{"start":{"line":48,"column":8},"end":{"line":50,"column":11}},"25":{"start":{"line":48,"column":40},"end":{"line":50,"column":10}},"26":{"start":{"line":49,"column":12},"end":{"line":49,"column":28}},"27":{"start":{"line":54,"column":8},"end":{"line":57,"column":null}},"28":{"start":{"line":55,"column":12},"end":{"line":55,"column":77}},"29":{"start":{"line":56,"column":12},"end":{"line":56,"column":70}},"30":{"start":{"line":61,"column":0},"end":{"line":61,"column":19}}},"fnMap":{"0":{"name":"(anonymous_8)","decl":{"start":{"line":16,"column":4},"end":{"line":16,"column":16}},"loc":{"start":{"line":16,"column":55},"end":{"line":23,"column":5}}},"1":{"name":"(anonymous_9)","decl":{"start":{"line":25,"column":12},"end":{"line":25,"column":32}},"loc":{"start":{"line":25,"column":32},"end":{"line":31,"column":5}}},"2":{"name":"(anonymous_10)","decl":{"start":{"line":33,"column":12},"end":{"line":33,"column":33}},"loc":{"start":{"line":33,"column":59},"end":{"line":41,"column":5}}},"3":{"name":"(anonymous_11)","decl":{"start":{"line":34,"column":28},"end":{"line":34,"column":29}},"loc":{"start":{"line":34,"column":43},"end":{"line":36,"column":9}}},"4":{"name":"(anonymous_12)","decl":{"start":{"line":38,"column":30},"end":{"line":38,"column":31}},"loc":{"start":{"line":38,"column":49},"end":{"line":40,"column":9}}},"5":{"name":"(anonymous_13)","decl":{"start":{"line":43,"column":12},"end":{"line":43,"column":35}},"loc":{"start":{"line":43,"column":35},"end":{"line":45,"column":5}}},"6":{"name":"(anonymous_14)","decl":{"start":{"line":47,"column":12},"end":{"line":47,"column":40}},"loc":{"start":{"line":47,"column":40},"end":{"line":51,"column":5}}},"7":{"name":"(anonymous_15)","decl":{"start":{"line":48,"column":29},"end":{"line":48,"column":38}},"loc":{"start":{"line":48,"column":40},"end":{"line":50,"column":10}}},"8":{"name":"(anonymous_16)","decl":{"start":{"line":48,"column":40},"end":{"line":48,"column":null}},"loc":{"start":{"line":48,"column":40},"end":{"line":50,"column":9}}},"9":{"name":"(anonymous_17)","decl":{"start":{"line":53,"column":11},"end":{"line":53,"column":17}},"loc":{"start":{"line":53,"column":17},"end":{"line":58,"column":5}}},"10":{"name":"(anonymous_18)","decl":{"start":{"line":54,"column":39},"end":{"line":54,"column":42}},"loc":{"start":{"line":54,"column":44},"end":{"line":57,"column":9}}}},"branchMap":{},"s":{"0":1,"1":1,"2":1,"3":1,"4":1,"5":1,"6":1,"7":1,"8":1,"9":1,"10":1,"11":1,"12":1,"13":1,"14":1,"15":1,"16":1,"17":1,"18":1,"19":1,"20":1,"21":1,"22":0,"23":1,"24":1,"25":0,"26":0,"27":0,"28":0,"29":0,"30":1},"f":{"0":1,"1":1,"2":1,"3":1,"4":0,"5":1,"6":1,"7":0,"8":0,"9":0,"10":0},"b":{}}
,"C:\\Users\\user\\Documents\\Project_1\\rise\\src\\data-source.ts": {"path":"C:\\Users\\user\\Documents\\Project_1\\rise\\src\\data-source.ts","statementMap":{"0":{"start":{"line":1,"column":0},"end":{"line":1,"column":28}},"1":{"start":{"line":2,"column":0},"end":{"line":2,"column":37}},"2":{"start":{"line":4,"column":0},"end":{"line":4,"column":37}},"3":{"start":{"line":5,"column":0},"end":{"line":5,"column":44}},"4":{"start":{"line":6,"column":0},"end":{"line":6,"column":43}},"5":{"start":{"line":8,"column":0},"end":{"line":8,"column":16}},"6":{"start":{"line":10,"column":54},"end":{"line":10,"column":65}},"7":{"start":{"line":11,"column":11},"end":{"line":11,"column":26}},"8":{"start":{"line":13,"column":22},"end":{"line":22,"column":null}},"9":{"start":{"line":25,"column":0},"end":{"line":29,"column":null}},"10":{"start":{"line":26,"column":4},"end":{"line":26,"column":79}},"11":{"start":{"line":28,"column":4},"end":{"line":28,"column":23}},"12":{"start":{"line":33,"column":0},"end":{"line":33,"column":29}}},"fnMap":{"0":{"name":"(anonymous_1)","decl":{"start":{"line":25,"column":32},"end":{"line":25,"column":33}},"loc":{"start":{"line":25,"column":41},"end":{"line":27,"column":1}}},"1":{"name":"(anonymous_2)","decl":{"start":{"line":27,"column":9},"end":{"line":27,"column":10}},"loc":{"start":{"line":27,"column":19},"end":{"line":29,"column":1}}}},"branchMap":{"0":{"loc":{"start":{"line":22,"column":8},"end":{"line":22,"column":86}},"type":"cond-expr","locations":[{"start":{"line":22,"column":49},"end":{"line":22,"column":81}},{"start":{"line":22,"column":84},"end":{"line":22,"column":86}}]}},"s":{"0":1,"1":1,"2":1,"3":1,"4":1,"5":1,"6":1,"7":1,"8":1,"9":1,"10":0,"11":0,"12":1},"f":{"0":0,"1":0},"b":{"0":[0,1]}}
,"C:\\Users\\user\\Documents\\Project_1\\rise\\src\\contoller\\UserController.ts": {"path":"C:\\Users\\user\\Documents\\Project_1\\rise\\src\\contoller\\UserController.ts","statementMap":{"0":{"start":{"line":1,"column":0},"end":{"line":1,"column":28}},"1":{"start":{"line":3,"column":0},"end":{"line":3,"column":23}},"2":{"start":{"line":4,"column":0},"end":{"line":4,"column":28}},"3":{"start":{"line":5,"column":0},"end":{"line":5,"column":66}},"4":{"start":{"line":7,"column":0},"end":{"line":7,"column":98}},"5":{"start":{"line":9,"column":0},"end":{"line":9,"column":93}},"6":{"start":{"line":10,"column":0},"end":{"line":10,"column":45}},"7":{"start":{"line":12,"column":0},"end":{"line":12,"column":62}},"8":{"start":{"line":13,"column":0},"end":{"line":13,"column":45}},"9":{"start":{"line":14,"column":0},"end":{"line":14,"column":95}},"10":{"start":{"line":17,"column":11},"end":{"line":17,"column":27}},"11":{"start":{"line":18,"column":11},"end":{"line":18,"column":29}},"12":{"start":{"line":19,"column":12},"end":{"line":19,"column":43}},"13":{"start":{"line":20,"column":12},"end":{"line":20,"column":45}},"14":{"start":{"line":36,"column":12},"end":{"line":49,"column":null}},"15":{"start":{"line":36,"column":105},"end":{"line":49,"column":null}},"16":{"start":{"line":37,"column":8},"end":{"line":48,"column":null}},"17":{"start":{"line":38,"column":29},"end":{"line":38,"column":37}},"18":{"start":{"line":39,"column":25},"end":{"line":39,"column":81}},"19":{"start":{"line":40,"column":25},"end":{"line":40,"column":61}},"20":{"start":{"line":41,"column":12},"end":{"line":41,"column":88}},"21":{"start":{"line":42,"column":12},"end":{"line":42,"column":19}},"22":{"start":{"line":44,"column":12},"end":{"line":46,"column":null}},"23":{"start":{"line":45,"column":16},"end":{"line":45,"column":75}},"24":{"start":{"line":47,"column":12},"end":{"line":47,"column":null}},"25":{"start":{"line":51,"column":12},"end":{"line":78,"column":null}},"26":{"start":{"line":51,"column":104},"end":{"line":78,"column":null}},"27":{"start":{"line":52,"column":8},"end":{"line":77,"column":null}},"28":{"start":{"line":53,"column":40},"end":{"line":53,"column":48}},"29":{"start":{"line":54,"column":12},"end":{"line":54,"column":34}},"30":{"start":{"line":55,"column":24},"end":{"line":55,"column":80}},"31":{"start":{"line":56,"column":12},"end":{"line":65,"column":null}},"32":{"start":{"line":57,"column":37},"end":{"line":57,"column":68}},"33":{"start":{"line":58,"column":29},"end":{"line":58,"column":91}},"34":{"start":{"line":59,"column":16},"end":{"line":59,"column":null}},"35":{"start":{"line":61,"column":16},"end":{"line":61,"column":85}},"36":{"start":{"line":61,"column":37},"end":{"line":61,"column":85}},"37":{"start":{"line":63,"column":30},"end":{"line":63,"column":76}},"38":{"start":{"line":64,"column":16},"end":{"line":64,"column":81}},"39":{"start":{"line":64,"column":28},"end":{"line":64,"column":81}},"40":{"start":{"line":66,"column":35},"end":{"line":66,"column":73}},"41":{"start":{"line":68,"column":26},"end":{"line":68,"column":66}},"42":{"start":{"line":69,"column":25},"end":{"line":69,"column":68}},"43":{"start":{"line":71,"column":12},"end":{"line":71,"column":79}},"44":{"start":{"line":72,"column":12},"end":{"line":72,"column":68}},"45":{"start":{"line":73,"column":12},"end":{"line":73,"column":102}},"46":{"start":{"line":74,"column":12},"end":{"line":74,"column":19}},"47":{"start":{"line":76,"column":12},"end":{"line":76,"column":null}},"48":{"start":{"line":80,"column":12},"end":{"line":88,"column":null}},"49":{"start":{"line":80,"column":105},"end":{"line":88,"column":null}},"50":{"start":{"line":81,"column":8},"end":{"line":87,"column":null}},"51":{"start":{"line":82,"column":25},"end":{"line":82,"column":59}},"52":{"start":{"line":83,"column":12},"end":{"line":83,"column":94}},"53":{"start":{"line":84,"column":12},"end":{"line":84,"column":19}},"54":{"start":{"line":86,"column":12},"end":{"line":86,"column":null}},"55":{"start":{"line":90,"column":11},"end":{"line":97,"column":null}},"56":{"start":{"line":90,"column":102},"end":{"line":97,"column":null}},"57":{"start":{"line":91,"column":8},"end":{"line":96,"column":null}},"58":{"start":{"line":92,"column":12},"end":{"line":92,"column":75}},"59":{"start":{"line":93,"column":12},"end":{"line":93,"column":19}},"60":{"start":{"line":95,"column":12},"end":{"line":95,"column":null}},"61":{"start":{"line":23,"column":8},"end":{"line":23,"column":32}},"62":{"start":{"line":27,"column":8},"end":{"line":27,"column":93}},"63":{"start":{"line":29,"column":8},"end":{"line":31,"column":43}},"64":{"start":{"line":33,"column":8},"end":{"line":33,"column":null}},"65":{"start":{"line":101,"column":0},"end":{"line":101,"column":null}}},"fnMap":{"0":{"name":"(anonymous_8)","decl":{"start":{"line":22,"column":4},"end":{"line":22,"column":null}},"loc":{"start":{"line":22,"column":4},"end":{"line":24,"column":5}}},"1":{"name":"(anonymous_9)","decl":{"start":{"line":36,"column":21},"end":{"line":36,"column":28}},"loc":{"start":{"line":36,"column":105},"end":{"line":49,"column":null}}},"2":{"name":"(anonymous_10)","decl":{"start":{"line":36,"column":105},"end":{"line":36,"column":null}},"loc":{"start":{"line":36,"column":105},"end":{"line":49,"column":5}}},"3":{"name":"(anonymous_11)","decl":{"start":{"line":51,"column":20},"end":{"line":51,"column":27}},"loc":{"start":{"line":51,"column":104},"end":{"line":78,"column":null}}},"4":{"name":"(anonymous_12)","decl":{"start":{"line":51,"column":104},"end":{"line":51,"column":null}},"loc":{"start":{"line":51,"column":104},"end":{"line":78,"column":5}}},"5":{"name":"(anonymous_13)","decl":{"start":{"line":80,"column":21},"end":{"line":80,"column":28}},"loc":{"start":{"line":80,"column":105},"end":{"line":88,"column":null}}},"6":{"name":"(anonymous_14)","decl":{"start":{"line":80,"column":105},"end":{"line":80,"column":null}},"loc":{"start":{"line":80,"column":105},"end":{"line":88,"column":5}}},"7":{"name":"(anonymous_15)","decl":{"start":{"line":90,"column":18},"end":{"line":90,"column":25}},"loc":{"start":{"line":90,"column":102},"end":{"line":97,"column":null}}},"8":{"name":"(anonymous_16)","decl":{"start":{"line":90,"column":102},"end":{"line":90,"column":null}},"loc":{"start":{"line":90,"column":102},"end":{"line":97,"column":5}}},"9":{"name":"(anonymous_17)","decl":{"start":{"line":26,"column":12},"end":{"line":26,"column":28}},"loc":{"start":{"line":26,"column":28},"end":{"line":34,"column":5}}}},"branchMap":{"0":{"loc":{"start":{"line":44,"column":12},"end":{"line":46,"column":null}},"type":"if","locations":[{"start":{"line":44,"column":12},"end":{"line":46,"column":null}}]},"1":{"loc":{"start":{"line":56,"column":12},"end":{"line":65,"column":null}},"type":"if","locations":[{"start":{"line":56,"column":12},"end":{"line":65,"column":null}},{"start":{"line":60,"column":19},"end":{"line":65,"column":null}}]},"2":{"loc":{"start":{"line":61,"column":16},"end":{"line":61,"column":85}},"type":"if","locations":[{"start":{"line":61,"column":16},"end":{"line":61,"column":85}}]},"3":{"loc":{"start":{"line":64,"column":16},"end":{"line":64,"column":81}},"type":"if","locations":[{"start":{"line":64,"column":16},"end":{"line":64,"column":81}}]}},"s":{"0":1,"1":1,"2":1,"3":1,"4":1,"5":1,"6":1,"7":1,"8":1,"9":1,"10":1,"11":1,"12":1,"13":1,"14":1,"15":0,"16":0,"17":0,"18":0,"19":0,"20":0,"21":0,"22":0,"23":0,"24":0,"25":1,"26":0,"27":0,"28":0,"29":0,"30":0,"31":0,"32":0,"33":0,"34":0,"35":0,"36":0,"37":0,"38":0,"39":0,"40":0,"41":0,"42":0,"43":0,"44":0,"45":0,"46":0,"47":0,"48":1,"49":0,"50":0,"51":0,"52":0,"53":0,"54":0,"55":1,"56":1,"57":1,"58":1,"59":1,"60":0,"61":1,"62":1,"63":1,"64":1,"65":1},"f":{"0":1,"1":0,"2":0,"3":0,"4":0,"5":0,"6":0,"7":1,"8":1,"9":1},"b":{"0":[0],"1":[0,0],"2":[0],"3":[0]}}
,"C:\\Users\\user\\Documents\\Project_1\\rise\\src\\entity\\comment.ts": {"path":"C:\\Users\\user\\Documents\\Project_1\\rise\\src\\entity\\comment.ts","statementMap":{"0":{"start":{"line":1,"column":0},"end":{"line":1,"column":101}},"1":{"start":{"line":4,"column":0},"end":{"line":4,"column":30}},"2":{"start":{"line":5,"column":0},"end":{"line":5,"column":30}},"3":{"start":{"line":9,"column":7},"end":{"line":26,"column":null}},"4":{"start":{"line":9,"column":13},"end":{"line":9,"column":21}},"5":{"start":{"line":11,"column":4},"end":{"line":11,"column":null}},"6":{"start":{"line":14,"column":4},"end":{"line":14,"column":null}},"7":{"start":{"line":17,"column":4},"end":{"line":17,"column":null}},"8":{"start":{"line":16,"column":58},"end":{"line":16,"column":80}},"9":{"start":{"line":21,"column":4},"end":{"line":21,"column":null}},"10":{"start":{"line":19,"column":21},"end":{"line":19,"column":26}},"11":{"start":{"line":25,"column":4},"end":{"line":25,"column":null}},"12":{"start":{"line":23,"column":21},"end":{"line":23,"column":26}},"13":{"start":{"line":9,"column":13},"end":{"line":26,"column":null}}},"fnMap":{"0":{"name":"(anonymous_2)","decl":{"start":{"line":16,"column":52},"end":{"line":16,"column":55}},"loc":{"start":{"line":16,"column":58},"end":{"line":16,"column":80}}},"1":{"name":"(anonymous_3)","decl":{"start":{"line":19,"column":15},"end":{"line":19,"column":18}},"loc":{"start":{"line":19,"column":21},"end":{"line":19,"column":26}}},"2":{"name":"(anonymous_4)","decl":{"start":{"line":23,"column":15},"end":{"line":23,"column":18}},"loc":{"start":{"line":23,"column":21},"end":{"line":23,"column":26}}}},"branchMap":{},"s":{"0":1,"1":1,"2":1,"3":1,"4":1,"5":1,"6":1,"7":1,"8":0,"9":1,"10":0,"11":1,"12":0,"13":1},"f":{"0":0,"1":0,"2":0},"b":{}}
,"C:\\Users\\user\\Documents\\Project_1\\rise\\src\\entity\\post.ts": {"path":"C:\\Users\\user\\Documents\\Project_1\\rise\\src\\entity\\post.ts","statementMap":{"0":{"start":{"line":1,"column":0},"end":{"line":1,"column":101}},"1":{"start":{"line":4,"column":0},"end":{"line":4,"column":30}},"2":{"start":{"line":8,"column":7},"end":{"line":24,"column":null}},"3":{"start":{"line":8,"column":13},"end":{"line":8,"column":18}},"4":{"start":{"line":10,"column":4},"end":{"line":10,"column":null}},"5":{"start":{"line":13,"column":4},"end":{"line":13,"column":null}},"6":{"start":{"line":16,"column":4},"end":{"line":16,"column":null}},"7":{"start":{"line":19,"column":4},"end":{"line":19,"column":null}},"8":{"start":{"line":18,"column":58},"end":{"line":18,"column":80}},"9":{"start":{"line":23,"column":4},"end":{"line":23,"column":null}},"10":{"start":{"line":21,"column":21},"end":{"line":21,"column":26}},"11":{"start":{"line":8,"column":13},"end":{"line":24,"column":null}}},"fnMap":{"0":{"name":"(anonymous_2)","decl":{"start":{"line":18,"column":52},"end":{"line":18,"column":55}},"loc":{"start":{"line":18,"column":58},"end":{"line":18,"column":80}}},"1":{"name":"(anonymous_3)","decl":{"start":{"line":21,"column":15},"end":{"line":21,"column":18}},"loc":{"start":{"line":21,"column":21},"end":{"line":21,"column":26}}}},"branchMap":{},"s":{"0":1,"1":1,"2":1,"3":1,"4":1,"5":1,"6":1,"7":1,"8":0,"9":1,"10":0,"11":1},"f":{"0":0,"1":0},"b":{}}
,"C:\\Users\\user\\Documents\\Project_1\\rise\\src\\entity\\user.ts": {"path":"C:\\Users\\user\\Documents\\Project_1\\rise\\src\\entity\\user.ts","statementMap":{"0":{"start":{"line":1,"column":0},"end":{"line":1,"column":83}},"1":{"start":{"line":6,"column":7},"end":{"line":15,"column":null}},"2":{"start":{"line":6,"column":13},"end":{"line":6,"column":18}},"3":{"start":{"line":8,"column":4},"end":{"line":8,"column":null}},"4":{"start":{"line":11,"column":4},"end":{"line":11,"column":null}},"5":{"start":{"line":14,"column":4},"end":{"line":14,"column":null}},"6":{"start":{"line":13,"column":58},"end":{"line":13,"column":80}},"7":{"start":{"line":6,"column":13},"end":{"line":15,"column":null}},"8":{"start":{"line":18,"column":7},"end":{"line":30,"column":null}},"9":{"start":{"line":18,"column":13},"end":{"line":18,"column":18}},"10":{"start":{"line":20,"column":4},"end":{"line":20,"column":null}},"11":{"start":{"line":23,"column":4},"end":{"line":23,"column":null}},"12":{"start":{"line":26,"column":4},"end":{"line":26,"column":null}},"13":{"start":{"line":29,"column":4},"end":{"line":29,"column":null}},"14":{"start":{"line":28,"column":58},"end":{"line":28,"column":80}},"15":{"start":{"line":18,"column":13},"end":{"line":30,"column":null}}},"fnMap":{"0":{"name":"(anonymous_2)","decl":{"start":{"line":13,"column":52},"end":{"line":13,"column":55}},"loc":{"start":{"line":13,"column":58},"end":{"line":13,"column":80}}},"1":{"name":"(anonymous_3)","decl":{"start":{"line":28,"column":52},"end":{"line":28,"column":55}},"loc":{"start":{"line":28,"column":58},"end":{"line":28,"column":80}}}},"branchMap":{},"s":{"0":1,"1":1,"2":1,"3":1,"4":1,"5":1,"6":0,"7":1,"8":1,"9":1,"10":1,"11":1,"12":1,"13":1,"14":0,"15":1},"f":{"0":0,"1":0},"b":{}}
,"C:\\Users\\user\\Documents\\Project_1\\rise\\src\\middleware\\auth.ts": {"path":"C:\\Users\\user\\Documents\\Project_1\\rise\\src\\middleware\\auth.ts","statementMap":{"0":{"start":{"line":1,"column":0},"end":{"line":1,"column":33}},"1":{"start":{"line":3,"column":0},"end":{"line":3,"column":44}},"2":{"start":{"line":7,"column":0},"end":{"line":7,"column":115}},"3":{"start":{"line":9,"column":0},"end":{"line":9,"column":38}},"4":{"start":{"line":11,"column":15},"end":{"line":11,"column":34}},"5":{"start":{"line":13,"column":25},"end":{"line":16,"column":null}},"6":{"start":{"line":13,"column":72},"end":{"line":16,"column":null}},"7":{"start":{"line":15,"column":4},"end":{"line":15,"column":51}},"8":{"start":{"line":13,"column":13},"end":{"line":13,"column":25}},"9":{"start":{"line":18,"column":24},"end":{"line":21,"column":1}},"10":{"start":{"line":20,"column":4},"end":{"line":20,"column":44}},"11":{"start":{"line":18,"column":13},"end":{"line":18,"column":24}},"12":{"start":{"line":35,"column":8},"end":{"line":35,"column":28}},"13":{"start":{"line":36,"column":8},"end":{"line":36,"column":28}},"14":{"start":{"line":37,"column":8},"end":{"line":37,"column":49}},"15":{"start":{"line":38,"column":8},"end":{"line":38,"column":47}},"16":{"start":{"line":39,"column":8},"end":{"line":39,"column":null}},"17":{"start":{"line":40,"column":8},"end":{"line":40,"column":null}},"18":{"start":{"line":41,"column":8},"end":{"line":41,"column":null}},"19":{"start":{"line":24,"column":0},"end":{"line":24,"column":13}},"20":{"start":{"line":45,"column":27},"end":{"line":56,"column":2}},"21":{"start":{"line":45,"column":98},"end":{"line":56,"column":2}},"22":{"start":{"line":46,"column":24},"end":{"line":51,"column":null}},"23":{"start":{"line":54,"column":4},"end":{"line":54,"column":48}},"24":{"start":{"line":54,"column":22},"end":{"line":54,"column":48}},"25":{"start":{"line":55,"column":4},"end":{"line":55,"column":null}},"26":{"start":{"line":45,"column":13},"end":{"line":45,"column":27}},"27":{"start":{"line":58,"column":30},"end":{"line":63,"column":1}},"28":{"start":{"line":59,"column":4},"end":{"line":59,"column":null}},"29":{"start":{"line":60,"column":4},"end":{"line":60,"column":76}},"30":{"start":{"line":60,"column":24},"end":{"line":60,"column":76}},"31":{"start":{"line":61,"column":4},"end":{"line":61,"column":98}},"32":{"start":{"line":61,"column":46},"end":{"line":61,"column":98}},"33":{"start":{"line":62,"column":4},"end":{"line":62,"column":39}},"34":{"start":{"line":58,"column":13},"end":{"line":58,"column":30}},"35":{"start":{"line":66,"column":27},"end":{"line":86,"column":null}},"36":{"start":{"line":66,"column":94},"end":{"line":86,"column":null}},"37":{"start":{"line":67,"column":4},"end":{"line":85,"column":null}},"38":{"start":{"line":68,"column":8},"end":{"line":68,"column":null}},"39":{"start":{"line":70,"column":8},"end":{"line":70,"column":68}},"40":{"start":{"line":72,"column":24},"end":{"line":72,"column":55}},"41":{"start":{"line":73,"column":8},"end":{"line":73,"column":null}},"42":{"start":{"line":73,"column":42},"end":{"line":73,"column":null}},"43":{"start":{"line":75,"column":21},"end":{"line":75,"column":65}},"44":{"start":{"line":76,"column":8},"end":{"line":76,"column":69}},"45":{"start":{"line":76,"column":19},"end":{"line":76,"column":69}},"46":{"start":{"line":78,"column":8},"end":{"line":78,"column":22}},"47":{"start":{"line":80,"column":8},"end":{"line":80,"column":null}},"48":{"start":{"line":81,"column":8},"end":{"line":83,"column":null}},"49":{"start":{"line":82,"column":12},"end":{"line":82,"column":56}},"50":{"start":{"line":84,"column":8},"end":{"line":84,"column":23}},"51":{"start":{"line":66,"column":13},"end":{"line":66,"column":27}}},"fnMap":{"0":{"name":"(anonymous_7)","decl":{"start":{"line":13,"column":25},"end":{"line":13,"column":32}},"loc":{"start":{"line":13,"column":72},"end":{"line":16,"column":null}}},"1":{"name":"(anonymous_8)","decl":{"start":{"line":13,"column":72},"end":{"line":13,"column":null}},"loc":{"start":{"line":13,"column":72},"end":{"line":16,"column":1}}},"2":{"name":"(anonymous_9)","decl":{"start":{"line":18,"column":24},"end":{"line":18,"column":25}},"loc":{"start":{"line":18,"column":63},"end":{"line":21,"column":1}}},"3":{"name":"(anonymous_10)","decl":{"start":{"line":34,"column":4},"end":{"line":34,"column":16}},"loc":{"start":{"line":34,"column":55},"end":{"line":42,"column":5}}},"4":{"name":"(anonymous_11)","decl":{"start":{"line":45,"column":27},"end":{"line":45,"column":34}},"loc":{"start":{"line":45,"column":98},"end":{"line":56,"column":2}}},"5":{"name":"(anonymous_12)","decl":{"start":{"line":45,"column":98},"end":{"line":45,"column":null}},"loc":{"start":{"line":45,"column":98},"end":{"line":56,"column":1}}},"6":{"name":"(anonymous_13)","decl":{"start":{"line":58,"column":30},"end":{"line":58,"column":31}},"loc":{"start":{"line":58,"column":57},"end":{"line":63,"column":1}}},"7":{"name":"(anonymous_14)","decl":{"start":{"line":66,"column":27},"end":{"line":66,"column":34}},"loc":{"start":{"line":66,"column":94},"end":{"line":86,"column":null}}},"8":{"name":"(anonymous_15)","decl":{"start":{"line":66,"column":94},"end":{"line":66,"column":null}},"loc":{"start":{"line":66,"column":94},"end":{"line":86,"column":1}}}},"branchMap":{"0":{"loc":{"start":{"line":50,"column":12},"end":{"line":50,"column":28}},"type":"binary-expr","locations":[{"start":{"line":50,"column":12},"end":{"line":50,"column":22}},{"start":{"line":50,"column":26},"end":{"line":50,"column":28}}]},"1":{"loc":{"start":{"line":54,"column":4},"end":{"line":54,"column":48}},"type":"if","locations":[{"start":{"line":54,"column":4},"end":{"line":54,"column":48}}]},"2":{"loc":{"start":{"line":60,"column":4},"end":{"line":60,"column":76}},"type":"if","locations":[{"start":{"line":60,"column":4},"end":{"line":60,"column":76}}]},"3":{"loc":{"start":{"line":61,"column":4},"end":{"line":61,"column":98}},"type":"if","locations":[{"start":{"line":61,"column":4},"end":{"line":61,"column":98}}]},"4":{"loc":{"start":{"line":73,"column":8},"end":{"line":73,"column":null}},"type":"if","locations":[{"start":{"line":73,"column":8},"end":{"line":73,"column":null}}]},"5":{"loc":{"start":{"line":73,"column":12},"end":{"line":73,"column":40}},"type":"binary-expr","locations":[{"start":{"line":73,"column":12},"end":{"line":73,"column":24}},{"start":{"line":73,"column":28},"end":{"line":73,"column":40}}]},"6":{"loc":{"start":{"line":76,"column":8},"end":{"line":76,"column":69}},"type":"if","locations":[{"start":{"line":76,"column":8},"end":{"line":76,"column":69}}]},"7":{"loc":{"start":{"line":81,"column":8},"end":{"line":83,"column":null}},"type":"if","locations":[{"start":{"line":81,"column":8},"end":{"line":83,"column":null}}]},"8":{"loc":{"start":{"line":81,"column":12},"end":{"line":81,"column":76}},"type":"binary-expr","locations":[{"start":{"line":81,"column":12},"end":{"line":81,"column":42}},{"start":{"line":81,"column":46},"end":{"line":81,"column":76}}]}},"s":{"0":1,"1":1,"2":1,"3":1,"4":1,"5":1,"6":1,"7":1,"8":1,"9":1,"10":0,"11":1,"12":1,"13":1,"14":1,"15":1,"16":1,"17":1,"18":1,"19":1,"20":1,"21":1,"22":1,"23":1,"24":0,"25":1,"26":1,"27":1,"28":6,"29":6,"30":2,"31":4,"32":1,"33":3,"34":1,"35":1,"36":3,"37":3,"38":3,"39":3,"40":2,"41":1,"42":0,"43":1,"44":1,"45":0,"46":1,"47":2,"48":2,"49":1,"50":1,"51":1},"f":{"0":1,"1":1,"2":0,"3":1,"4":1,"5":1,"6":6,"7":3,"8":3},"b":{"0":[1,0],"1":[0],"2":[2],"3":[1],"4":[0],"5":[1,1],"6":[0],"7":[1],"8":[2,2]}}
,"C:\\Users\\user\\Documents\\Project_1\\rise\\src\\middleware\\errorHandler.ts": {"path":"C:\\Users\\user\\Documents\\Project_1\\rise\\src\\middleware\\errorHandler.ts","statementMap":{"0":{"start":{"line":3,"column":0},"end":{"line":3,"column":73}},"1":{"start":{"line":5,"column":21},"end":{"line":15,"column":1}},"2":{"start":{"line":6,"column":4},"end":{"line":14,"column":null}},"3":{"start":{"line":7,"column":8},"end":{"line":7,"column":34}},"4":{"start":{"line":9,"column":8},"end":{"line":12,"column":null}},"5":{"start":{"line":10,"column":12},"end":{"line":10,"column":29}},"6":{"start":{"line":11,"column":12},"end":{"line":11,"column":53}},"7":{"start":{"line":13,"column":8},"end":{"line":13,"column":50}},"8":{"start":{"line":17,"column":0},"end":{"line":17,"column":28}}},"fnMap":{"0":{"name":"(anonymous_0)","decl":{"start":{"line":5,"column":21},"end":{"line":5,"column":22}},"loc":{"start":{"line":5,"column":85},"end":{"line":15,"column":1}}}},"branchMap":{"0":{"loc":{"start":{"line":6,"column":4},"end":{"line":14,"column":null}},"type":"if","locations":[{"start":{"line":6,"column":4},"end":{"line":14,"column":null}},{"start":{"line":8,"column":11},"end":{"line":14,"column":null}}]},"1":{"loc":{"start":{"line":9,"column":8},"end":{"line":12,"column":null}},"type":"if","locations":[{"start":{"line":9,"column":8},"end":{"line":12,"column":null}}]}},"s":{"0":1,"1":1,"2":2,"3":2,"4":0,"5":0,"6":0,"7":0,"8":1},"f":{"0":2},"b":{"0":[2,0],"1":[0]}}
,"C:\\Users\\user\\Documents\\Project_1\\rise\\src\\middleware\\validator.ts": {"path":"C:\\Users\\user\\Documents\\Project_1\\rise\\src\\middleware\\validator.ts","statementMap":{"0":{"start":{"line":2,"column":0},"end":{"line":2,"column":66}},"1":{"start":{"line":4,"column":0},"end":{"line":4,"column":74}},"2":{"start":{"line":6,"column":29},"end":{"line":15,"column":2}},"3":{"start":{"line":6,"column":48},"end":{"line":15,"column":2}},"4":{"start":{"line":6,"column":13},"end":{"line":6,"column":29}},"5":{"start":{"line":17,"column":31},"end":{"line":23,"column":1}},"6":{"start":{"line":18,"column":4},"end":{"line":22,"column":63}},"7":{"start":{"line":17,"column":13},"end":{"line":17,"column":31}},"8":{"start":{"line":25,"column":13},"end":{"line":39,"column":2}},"9":{"start":{"line":41,"column":13},"end":{"line":53,"column":2}},"10":{"start":{"line":55,"column":13},"end":{"line":70,"column":2}},"11":{"start":{"line":72,"column":13},"end":{"line":85,"column":2}},"12":{"start":{"line":87,"column":33},"end":{"line":94,"column":1}},"13":{"start":{"line":88,"column":19},"end":{"line":88,"column":40}},"14":{"start":{"line":89,"column":4},"end":{"line":93,"column":null}},"15":{"start":{"line":90,"column":8},"end":{"line":90,"column":66}},"16":{"start":{"line":92,"column":8},"end":{"line":92,"column":15}},"17":{"start":{"line":87,"column":13},"end":{"line":87,"column":33}}},"fnMap":{"0":{"name":"(anonymous_0)","decl":{"start":{"line":6,"column":29},"end":{"line":6,"column":30}},"loc":{"start":{"line":6,"column":48},"end":{"line":15,"column":2}}},"1":{"name":"(anonymous_1)","decl":{"start":{"line":17,"column":31},"end":{"line":17,"column":32}},"loc":{"start":{"line":17,"column":52},"end":{"line":23,"column":1}}},"2":{"name":"(anonymous_2)","decl":{"start":{"line":87,"column":33},"end":{"line":87,"column":34}},"loc":{"start":{"line":87,"column":85},"end":{"line":94,"column":1}}}},"branchMap":{"0":{"loc":{"start":{"line":89,"column":4},"end":{"line":93,"column":null}},"type":"if","locations":[{"start":{"line":89,"column":4},"end":{"line":93,"column":null}},{"start":{"line":91,"column":11},"end":{"line":93,"column":null}}]}},"s":{"0":1,"1":1,"2":1,"3":0,"4":1,"5":1,"6":2,"7":1,"8":1,"9":1,"10":1,"11":1,"12":1,"13":0,"14":0,"15":0,"16":0,"17":1},"f":{"0":0,"1":2,"2":0},"b":{"0":[0,0]}}
,"C:\\Users\\user\\Documents\\Project_1\\rise\\src\\service\\repository.ts": {"path":"C:\\Users\\user\\Documents\\Project_1\\rise\\src\\service\\repository.ts","statementMap":{"0":{"start":{"line":1,"column":0},"end":{"line":1,"column":43}},"1":{"start":{"line":2,"column":0},"end":{"line":2,"column":44}},"2":{"start":{"line":3,"column":0},"end":{"line":3,"column":46}},"3":{"start":{"line":4,"column":0},"end":{"line":4,"column":38}},"4":{"start":{"line":6,"column":23},"end":{"line":6,"column":57}},"5":{"start":{"line":7,"column":23},"end":{"line":7,"column":57}},"6":{"start":{"line":8,"column":26},"end":{"line":8,"column":63}},"7":{"start":{"line":9,"column":24},"end":{"line":9,"column":58}},"8":{"start":{"line":12,"column":14},"end":{"line":17,"column":null}}},"fnMap":{},"branchMap":{},"s":{"0":1,"1":1,"2":1,"3":1,"4":1,"5":1,"6":1,"7":1,"8":1},"f":{},"b":{}}
,"C:\\Users\\user\\Documents\\Project_1\\rise\\src\\utils\\cache.ts": {"path":"C:\\Users\\user\\Documents\\Project_1\\rise\\src\\utils\\cache.ts","statementMap":{"0":{"start":{"line":3,"column":0},"end":{"line":3,"column":36}},"1":{"start":{"line":4,"column":0},"end":{"line":4,"column":24}},"2":{"start":{"line":6,"column":15},"end":{"line":14,"column":2}},"3":{"start":{"line":9,"column":8},"end":{"line":11,"column":null}},"4":{"start":{"line":10,"column":12},"end":{"line":10,"column":29}},"5":{"start":{"line":12,"column":8},"end":{"line":12,"column":20}},"6":{"start":{"line":17,"column":0},"end":{"line":21,"column":3}},"7":{"start":{"line":19,"column":4},"end":{"line":19,"column":45}},"8":{"start":{"line":20,"column":4},"end":{"line":20,"column":11}},"9":{"start":{"line":24,"column":0},"end":{"line":28,"column":3}},"10":{"start":{"line":26,"column":4},"end":{"line":26,"column":48}},"11":{"start":{"line":27,"column":4},"end":{"line":27,"column":11}},"12":{"start":{"line":30,"column":13},"end":{"line":30,"column":61}},"13":{"start":{"line":31,"column":13},"end":{"line":31,"column":61}},"14":{"start":{"line":32,"column":13},"end":{"line":32,"column":61}},"15":{"start":{"line":33,"column":13},"end":{"line":33,"column":64}}},"fnMap":{"0":{"name":"(anonymous_1)","decl":{"start":{"line":8,"column":20},"end":{"line":8,"column":21}},"loc":{"start":{"line":8,"column":37},"end":{"line":13,"column":5}}},"1":{"name":"(anonymous_2)","decl":{"start":{"line":17,"column":21},"end":{"line":17,"column":24}},"loc":{"start":{"line":17,"column":26},"end":{"line":21,"column":1}}},"2":{"name":"(anonymous_3)","decl":{"start":{"line":24,"column":19},"end":{"line":24,"column":20}},"loc":{"start":{"line":24,"column":29},"end":{"line":28,"column":1}}}},"branchMap":{"0":{"loc":{"start":{"line":7,"column":9},"end":{"line":7,"column":58}},"type":"binary-expr","locations":[{"start":{"line":7,"column":9},"end":{"line":7,"column":30}},{"start":{"line":7,"column":34},"end":{"line":7,"column":58}}]},"1":{"loc":{"start":{"line":9,"column":8},"end":{"line":11,"column":null}},"type":"if","locations":[{"start":{"line":9,"column":8},"end":{"line":11,"column":null}}]}},"s":{"0":1,"1":1,"2":1,"3":0,"4":0,"5":0,"6":1,"7":1,"8":1,"9":1,"10":0,"11":0,"12":1,"13":1,"14":1,"15":1},"f":{"0":0,"1":1,"2":0},"b":{"0":[1,0],"1":[0]}}
,"C:\\Users\\user\\Documents\\Project_1\\rise\\src\\utils\\requestUtils\\ApiError.ts": {"path":"C:\\Users\\user\\Documents\\Project_1\\rise\\src\\utils\\requestUtils\\ApiError.ts","statementMap":{"0":{"start":{"line":2,"column":0},"end":{"line":2,"column":null}},"1":{"start":{"line":13,"column":0},"end":{"line":13,"column":null}},"2":{"start":{"line":14,"column":2},"end":{"line":14,"column":null}},"3":{"start":{"line":15,"column":2},"end":{"line":15,"column":null}},"4":{"start":{"line":16,"column":2},"end":{"line":16,"column":null}},"5":{"start":{"line":17,"column":2},"end":{"line":17,"column":null}},"6":{"start":{"line":18,"column":2},"end":{"line":18,"column":null}},"7":{"start":{"line":19,"column":2},"end":{"line":19,"column":null}},"8":{"start":{"line":20,"column":2},"end":{"line":20,"column":null}},"9":{"start":{"line":21,"column":2},"end":{"line":21,"column":null}},"10":{"start":{"line":22,"column":2},"end":{"line":22,"column":null}},"11":{"start":{"line":23,"column":2},"end":{"line":23,"column":null}},"12":{"start":{"line":24,"column":2},"end":{"line":24,"column":null}},"13":{"start":{"line":25,"column":2},"end":{"line":25,"column":null}},"14":{"start":{"line":30,"column":4},"end":{"line":30,"column":16}},"15":{"start":{"line":29,"column":21},"end":{"line":29,"column":36}},"16":{"start":{"line":29,"column":45},"end":{"line":29,"column":63}},"17":{"start":{"line":34,"column":4},"end":{"line":61,"column":null}},"18":{"start":{"line":38,"column":8},"end":{"line":38,"column":62}},"19":{"start":{"line":40,"column":8},"end":{"line":40,"column":67}},"20":{"start":{"line":42,"column":8},"end":{"line":42,"column":64}},"21":{"start":{"line":46,"column":8},"end":{"line":46,"column":59}},"22":{"start":{"line":48,"column":8},"end":{"line":48,"column":61}},"23":{"start":{"line":50,"column":8},"end":{"line":50,"column":60}},"24":{"start":{"line":52,"column":8},"end":{"line":52,"column":62}},"25":{"start":{"line":54,"column":8},"end":{"line":54,"column":70}},"26":{"start":{"line":56,"column":22},"end":{"line":56,"column":33}},"27":{"start":{"line":58,"column":8},"end":{"line":58,"column":89}},"28":{"start":{"line":58,"column":51},"end":{"line":58,"column":89}},"29":{"start":{"line":59,"column":8},"end":{"line":59,"column":60}},"30":{"start":{"line":28,"column":0},"end":{"line":28,"column":22}},"31":{"start":{"line":67,"column":4},"end":{"line":67,"column":43}},"32":{"start":{"line":65,"column":0},"end":{"line":65,"column":13}},"33":{"start":{"line":73,"column":4},"end":{"line":73,"column":39}},"34":{"start":{"line":71,"column":0},"end":{"line":71,"column":13}},"35":{"start":{"line":79,"column":4},"end":{"line":79,"column":42}},"36":{"start":{"line":77,"column":0},"end":{"line":77,"column":13}},"37":{"start":{"line":85,"column":4},"end":{"line":85,"column":40}},"38":{"start":{"line":83,"column":0},"end":{"line":83,"column":13}},"39":{"start":{"line":91,"column":4},"end":{"line":91,"column":40}},"40":{"start":{"line":89,"column":0},"end":{"line":89,"column":13}},"41":{"start":{"line":97,"column":4},"end":{"line":97,"column":39}},"42":{"start":{"line":95,"column":0},"end":{"line":95,"column":13}},"43":{"start":{"line":103,"column":4},"end":{"line":103,"column":40}},"44":{"start":{"line":101,"column":0},"end":{"line":101,"column":13}},"45":{"start":{"line":109,"column":4},"end":{"line":109,"column":44}},"46":{"start":{"line":107,"column":0},"end":{"line":107,"column":13}},"47":{"start":{"line":115,"column":4},"end":{"line":115,"column":38}},"48":{"start":{"line":113,"column":0},"end":{"line":113,"column":13}},"49":{"start":{"line":121,"column":4},"end":{"line":121,"column":43}},"50":{"start":{"line":119,"column":0},"end":{"line":119,"column":13}},"51":{"start":{"line":127,"column":4},"end":{"line":127,"column":51}},"52":{"start":{"line":125,"column":0},"end":{"line":125,"column":13}},"53":{"start":{"line":133,"column":6},"end":{"line":133,"column":41}},"54":{"start":{"line":131,"column":0},"end":{"line":131,"column":13}}},"fnMap":{"0":{"name":"(anonymous_0)","decl":{"start":{"line":13,"column":0},"end":{"line":13,"column":5}},"loc":{"start":{"line":13,"column":14},"end":{"line":26,"column":1}}},"1":{"name":"(anonymous_1)","decl":{"start":{"line":29,"column":2},"end":{"line":29,"column":21}},"loc":{"start":{"line":29,"column":70},"end":{"line":31,"column":3}}},"2":{"name":"(anonymous_2)","decl":{"start":{"line":33,"column":9},"end":{"line":33,"column":15}},"loc":{"start":{"line":33,"column":51},"end":{"line":62,"column":3}}},"3":{"name":"(anonymous_3)","decl":{"start":{"line":66,"column":2},"end":{"line":66,"column":14}},"loc":{"start":{"line":66,"column":45},"end":{"line":68,"column":3}}},"4":{"name":"(anonymous_4)","decl":{"start":{"line":72,"column":2},"end":{"line":72,"column":14}},"loc":{"start":{"line":72,"column":40},"end":{"line":74,"column":3}}},"5":{"name":"(anonymous_5)","decl":{"start":{"line":78,"column":2},"end":{"line":78,"column":14}},"loc":{"start":{"line":78,"column":37},"end":{"line":80,"column":3}}},"6":{"name":"(anonymous_6)","decl":{"start":{"line":84,"column":2},"end":{"line":84,"column":14}},"loc":{"start":{"line":84,"column":35},"end":{"line":86,"column":3}}},"7":{"name":"(anonymous_7)","decl":{"start":{"line":90,"column":2},"end":{"line":90,"column":14}},"loc":{"start":{"line":90,"column":43},"end":{"line":92,"column":3}}},"8":{"name":"(anonymous_8)","decl":{"start":{"line":96,"column":2},"end":{"line":96,"column":14}},"loc":{"start":{"line":96,"column":50},"end":{"line":98,"column":3}}},"9":{"name":"(anonymous_9)","decl":{"start":{"line":102,"column":2},"end":{"line":102,"column":14}},"loc":{"start":{"line":102,"column":44},"end":{"line":104,"column":3}}},"10":{"name":"(anonymous_10)","decl":{"start":{"line":108,"column":2},"end":{"line":108,"column":14}},"loc":{"start":{"line":108,"column":42},"end":{"line":110,"column":3}}},"11":{"name":"(anonymous_11)","decl":{"start":{"line":114,"column":2},"end":{"line":114,"column":14}},"loc":{"start":{"line":114,"column":43},"end":{"line":116,"column":3}}},"12":{"name":"(anonymous_12)","decl":{"start":{"line":120,"column":2},"end":{"line":120,"column":14}},"loc":{"start":{"line":120,"column":46},"end":{"line":122,"column":3}}},"13":{"name":"(anonymous_13)","decl":{"start":{"line":126,"column":2},"end":{"line":126,"column":14}},"loc":{"start":{"line":126,"column":46},"end":{"line":128,"column":3}}},"14":{"name":"(anonymous_14)","decl":{"start":{"line":132,"column":2},"end":{"line":132,"column":14}},"loc":{"start":{"line":132,"column":34},"end":{"line":134,"column":3}}}},"branchMap":{"0":{"loc":{"start":{"line":13,"column":5},"end":{"line":13,"column":null}},"type":"binary-expr","locations":[{"start":{"line":13,"column":5},"end":{"line":13,"column":14}},{"start":{"line":13,"column":5},"end":{"line":13,"column":null}}]},"1":{"loc":{"start":{"line":29,"column":45},"end":{"line":29,"column":70}},"type":"default-arg","locations":[{"start":{"line":29,"column":63},"end":{"line":29,"column":70}}]},"2":{"loc":{"start":{"line":34,"column":4},"end":{"line":61,"column":null}},"type":"switch","locations":[{"start":{"line":35,"column":6},"end":{"line":35,"column":31}},{"start":{"line":36,"column":6},"end":{"line":36,"column":35}},{"start":{"line":37,"column":6},"end":{"line":38,"column":62}},{"start":{"line":39,"column":6},"end":{"line":40,"column":67}},{"start":{"line":41,"column":6},"end":{"line":42,"column":64}},{"start":{"line":43,"column":6},"end":{"line":43,"column":31}},{"start":{"line":44,"column":6},"end":{"line":44,"column":30}},{"start":{"line":45,"column":6},"end":{"line":46,"column":59}},{"start":{"line":47,"column":6},"end":{"line":48,"column":61}},{"start":{"line":49,"column":6},"end":{"line":50,"column":60}},{"start":{"line":51,"column":6},"end":{"line":52,"column":62}},{"start":{"line":53,"column":6},"end":{"line":54,"column":70}},{"start":{"line":55,"column":6},"end":{"line":60,"column":null}}]},"3":{"loc":{"start":{"line":58,"column":8},"end":{"line":58,"column":89}},"type":"if","locations":[{"start":{"line":58,"column":8},"end":{"line":58,"column":89}}]},"4":{"loc":{"start":{"line":66,"column":14},"end":{"line":66,"column":45}},"type":"default-arg","locations":[{"start":{"line":66,"column":24},"end":{"line":66,"column":45}}]},"5":{"loc":{"start":{"line":72,"column":14},"end":{"line":72,"column":40}},"type":"default-arg","locations":[{"start":{"line":72,"column":24},"end":{"line":72,"column":40}}]},"6":{"loc":{"start":{"line":78,"column":14},"end":{"line":78,"column":37}},"type":"default-arg","locations":[{"start":{"line":78,"column":24},"end":{"line":78,"column":37}}]},"7":{"loc":{"start":{"line":84,"column":14},"end":{"line":84,"column":35}},"type":"default-arg","locations":[{"start":{"line":84,"column":24},"end":{"line":84,"column":35}}]},"8":{"loc":{"start":{"line":90,"column":14},"end":{"line":90,"column":43}},"type":"default-arg","locations":[{"start":{"line":90,"column":24},"end":{"line":90,"column":43}}]},"9":{"loc":{"start":{"line":96,"column":14},"end":{"line":96,"column":50}},"type":"default-arg","locations":[{"start":{"line":96,"column":24},"end":{"line":96,"column":50}}]},"10":{"loc":{"start":{"line":102,"column":14},"end":{"line":102,"column":44}},"type":"default-arg","locations":[{"start":{"line":102,"column":24},"end":{"line":102,"column":44}}]},"11":{"loc":{"start":{"line":108,"column":14},"end":{"line":108,"column":42}},"type":"default-arg","locations":[{"start":{"line":108,"column":24},"end":{"line":108,"column":42}}]},"12":{"loc":{"start":{"line":114,"column":14},"end":{"line":114,"column":43}},"type":"default-arg","locations":[{"start":{"line":114,"column":24},"end":{"line":114,"column":43}}]},"13":{"loc":{"start":{"line":120,"column":14},"end":{"line":120,"column":46}},"type":"default-arg","locations":[{"start":{"line":120,"column":24},"end":{"line":120,"column":46}}]},"14":{"loc":{"start":{"line":126,"column":14},"end":{"line":126,"column":46}},"type":"default-arg","locations":[{"start":{"line":126,"column":24},"end":{"line":126,"column":46}}]},"15":{"loc":{"start":{"line":132,"column":14},"end":{"line":132,"column":34}},"type":"default-arg","locations":[{"start":{"line":132,"column":24},"end":{"line":132,"column":34}}]}},"s":{"0":1,"1":1,"2":1,"3":1,"4":1,"5":1,"6":1,"7":1,"8":1,"9":1,"10":1,"11":1,"12":1,"13":1,"14":4,"15":4,"16":4,"17":2,"18":2,"19":0,"20":0,"21":0,"22":0,"23":0,"24":0,"25":0,"26":0,"27":0,"28":0,"29":0,"30":1,"31":3,"32":1,"33":0,"34":1,"35":0,"36":1,"37":0,"38":1,"39":0,"40":1,"41":0,"42":1,"43":1,"44":1,"45":0,"46":1,"47":0,"48":1,"49":0,"50":1,"51":0,"52":1,"53":0,"54":1},"f":{"0":1,"1":4,"2":2,"3":3,"4":0,"5":0,"6":0,"7":0,"8":0,"9":1,"10":0,"11":0,"12":0,"13":0,"14":0},"b":{"0":[1,1],"1":[0],"2":[1,1,2,0,0,0,0,0,0,0,0,0,0],"3":[0],"4":[0],"5":[0],"6":[0],"7":[0],"8":[0],"9":[0],"10":[0],"11":[0],"12":[0],"13":[0],"14":[0],"15":[0]}}
,"C:\\Users\\user\\Documents\\Project_1\\rise\\src\\utils\\requestUtils\\ApiResponse.ts": {"path":"C:\\Users\\user\\Documents\\Project_1\\rise\\src\\utils\\requestUtils\\ApiResponse.ts","statementMap":{"0":{"start":{"line":4,"column":0},"end":{"line":4,"column":null}},"1":{"start":{"line":5,"column":2},"end":{"line":5,"column":null}},"2":{"start":{"line":6,"column":2},"end":{"line":6,"column":null}},"3":{"start":{"line":7,"column":2},"end":{"line":7,"column":null}},"4":{"start":{"line":8,"column":2},"end":{"line":8,"column":null}},"5":{"start":{"line":11,"column":0},"end":{"line":11,"column":null}},"6":{"start":{"line":12,"column":2},"end":{"line":12,"column":null}},"7":{"start":{"line":13,"column":2},"end":{"line":13,"column":null}},"8":{"start":{"line":14,"column":2},"end":{"line":14,"column":null}},"9":{"start":{"line":15,"column":2},"end":{"line":15,"column":null}},"10":{"start":{"line":16,"column":2},"end":{"line":16,"column":null}},"11":{"start":{"line":17,"column":2},"end":{"line":17,"column":null}},"12":{"start":{"line":18,"column":2},"end":{"line":18,"column":null}},"13":{"start":{"line":19,"column":2},"end":{"line":19,"column":null}},"14":{"start":{"line":20,"column":2},"end":{"line":20,"column":null}},"15":{"start":{"line":21,"column":2},"end":{"line":21,"column":null}},"16":{"start":{"line":26,"column":14},"end":{"line":26,"column":32}},"17":{"start":{"line":27,"column":14},"end":{"line":27,"column":40}},"18":{"start":{"line":28,"column":14},"end":{"line":28,"column":29}},"19":{"start":{"line":29,"column":14},"end":{"line":29,"column":32}},"20":{"start":{"line":33,"column":4},"end":{"line":33,"column":76}},"21":{"start":{"line":37,"column":4},"end":{"line":37,"column":48}},"22":{"start":{"line":41,"column":21},"end":{"line":41,"column":28}},"23":{"start":{"line":42,"column":4},"end":{"line":42,"column":35}},"24":{"start":{"line":44,"column":4},"end":{"line":44,"column":28}},"25":{"start":{"line":45,"column":4},"end":{"line":45,"column":80}},"26":{"start":{"line":45,"column":27},"end":{"line":45,"column":80}},"27":{"start":{"line":45,"column":64},"end":{"line":45,"column":80}},"28":{"start":{"line":46,"column":4},"end":{"line":46,"column":17}},"29":{"start":{"line":52,"column":4},"end":{"line":52,"column":68}},"30":{"start":{"line":50,"column":0},"end":{"line":50,"column":13}},"31":{"start":{"line":60,"column":4},"end":{"line":60,"column":65}},"32":{"start":{"line":65,"column":4},"end":{"line":65,"column":54}},"33":{"start":{"line":56,"column":0},"end":{"line":56,"column":13}},"34":{"start":{"line":71,"column":4},"end":{"line":71,"column":65}},"35":{"start":{"line":69,"column":0},"end":{"line":69,"column":13}},"36":{"start":{"line":77,"column":4},"end":{"line":77,"column":67}},"37":{"start":{"line":75,"column":0},"end":{"line":75,"column":13}},"38":{"start":{"line":83,"column":4},"end":{"line":83,"column":70}},"39":{"start":{"line":81,"column":0},"end":{"line":81,"column":13}},"40":{"start":{"line":89,"column":4},"end":{"line":89,"column":63}},"41":{"start":{"line":87,"column":0},"end":{"line":87,"column":13}},"42":{"start":{"line":95,"column":4},"end":{"line":95,"column":63}},"43":{"start":{"line":93,"column":0},"end":{"line":93,"column":13}},"44":{"start":{"line":101,"column":4},"end":{"line":101,"column":71}},"45":{"start":{"line":100,"column":39},"end":{"line":100,"column":46}},"46":{"start":{"line":105,"column":4},"end":{"line":105,"column":56}},"47":{"start":{"line":99,"column":0},"end":{"line":99,"column":13}},"48":{"start":{"line":111,"column":4},"end":{"line":111,"column":79}},"49":{"start":{"line":110,"column":39},"end":{"line":110,"column":46}},"50":{"start":{"line":115,"column":4},"end":{"line":115,"column":63}},"51":{"start":{"line":109,"column":0},"end":{"line":109,"column":13}},"52":{"start":{"line":123,"column":4},"end":{"line":123,"column":81}},"53":{"start":{"line":120,"column":10},"end":{"line":120,"column":40}},"54":{"start":{"line":127,"column":4},"end":{"line":127,"column":51}},"55":{"start":{"line":128,"column":4},"end":{"line":128,"column":62}},"56":{"start":{"line":119,"column":0},"end":{"line":119,"column":13}},"57":{"start":{"line":134,"column":4},"end":{"line":134,"column":63}},"58":{"start":{"line":133,"column":39},"end":{"line":133,"column":58}},"59":{"start":{"line":133,"column":68},"end":{"line":133,"column":88}},"60":{"start":{"line":138,"column":4},"end":{"line":138,"column":58}},"61":{"start":{"line":132,"column":0},"end":{"line":132,"column":13}},"62":{"start":{"line":144,"column":6},"end":{"line":144,"column":66}},"63":{"start":{"line":142,"column":0},"end":{"line":142,"column":13}},"64":{"start":{"line":150,"column":6},"end":{"line":150,"column":78}},"65":{"start":{"line":148,"column":0},"end":{"line":148,"column":13}}},"fnMap":{"0":{"name":"(anonymous_0)","decl":{"start":{"line":4,"column":0},"end":{"line":4,"column":5}},"loc":{"start":{"line":4,"column":15},"end":{"line":9,"column":1}}},"1":{"name":"(anonymous_1)","decl":{"start":{"line":11,"column":0},"end":{"line":11,"column":5}},"loc":{"start":{"line":11,"column":19},"end":{"line":22,"column":1}}},"2":{"name":"(anonymous_2)","decl":{"start":{"line":25,"column":2},"end":{"line":25,"column":null}},"loc":{"start":{"line":29,"column":33},"end":{"line":30,"column":7}}},"3":{"name":"(anonymous_3)","decl":{"start":{"line":32,"column":12},"end":{"line":32,"column":19}},"loc":{"start":{"line":32,"column":69},"end":{"line":34,"column":3}}},"4":{"name":"(anonymous_4)","decl":{"start":{"line":36,"column":9},"end":{"line":36,"column":13}},"loc":{"start":{"line":36,"column":27},"end":{"line":38,"column":3}}},"5":{"name":"(anonymous_5)","decl":{"start":{"line":40,"column":10},"end":{"line":40,"column":16}},"loc":{"start":{"line":40,"column":60},"end":{"line":47,"column":3}}},"6":{"name":"(anonymous_6)","decl":{"start":{"line":51,"column":2},"end":{"line":51,"column":14}},"loc":{"start":{"line":51,"column":48},"end":{"line":53,"column":3}}},"7":{"name":"(anonymous_7)","decl":{"start":{"line":59,"column":2},"end":{"line":59,"column":14}},"loc":{"start":{"line":59,"column":35},"end":{"line":61,"column":3}}},"8":{"name":"(anonymous_8)","decl":{"start":{"line":63,"column":2},"end":{"line":63,"column":6}},"loc":{"start":{"line":63,"column":20},"end":{"line":66,"column":3}}},"9":{"name":"(anonymous_9)","decl":{"start":{"line":70,"column":2},"end":{"line":70,"column":14}},"loc":{"start":{"line":70,"column":35},"end":{"line":72,"column":3}}},"10":{"name":"(anonymous_10)","decl":{"start":{"line":76,"column":2},"end":{"line":76,"column":14}},"loc":{"start":{"line":76,"column":40},"end":{"line":78,"column":3}}},"11":{"name":"(anonymous_11)","decl":{"start":{"line":82,"column":2},"end":{"line":82,"column":14}},"loc":{"start":{"line":82,"column":40},"end":{"line":84,"column":3}}},"12":{"name":"(anonymous_12)","decl":{"start":{"line":88,"column":2},"end":{"line":88,"column":14}},"loc":{"start":{"line":88,"column":29},"end":{"line":90,"column":3}}},"13":{"name":"(anonymous_13)","decl":{"start":{"line":94,"column":2},"end":{"line":94,"column":14}},"loc":{"start":{"line":94,"column":29},"end":{"line":96,"column":3}}},"14":{"name":"(anonymous_14)","decl":{"start":{"line":100,"column":2},"end":{"line":100,"column":14}},"loc":{"start":{"line":100,"column":62},"end":{"line":102,"column":3}}},"15":{"name":"(anonymous_15)","decl":{"start":{"line":104,"column":2},"end":{"line":104,"column":6}},"loc":{"start":{"line":104,"column":20},"end":{"line":106,"column":3}}},"16":{"name":"(anonymous_16)","decl":{"start":{"line":110,"column":2},"end":{"line":110,"column":14}},"loc":{"start":{"line":110,"column":62},"end":{"line":112,"column":3}}},"17":{"name":"(anonymous_17)","decl":{"start":{"line":114,"column":2},"end":{"line":114,"column":6}},"loc":{"start":{"line":114,"column":20},"end":{"line":116,"column":3}}},"18":{"name":"(anonymous_18)","decl":{"start":{"line":122,"column":2},"end":{"line":122,"column":14}},"loc":{"start":{"line":122,"column":46},"end":{"line":124,"column":3}}},"19":{"name":"(anonymous_19)","decl":{"start":{"line":126,"column":2},"end":{"line":126,"column":6}},"loc":{"start":{"line":126,"column":20},"end":{"line":129,"column":3}}},"20":{"name":"(anonymous_20)","decl":{"start":{"line":133,"column":2},"end":{"line":133,"column":14}},"loc":{"start":{"line":133,"column":88},"end":{"line":135,"column":3}}},"21":{"name":"(anonymous_21)","decl":{"start":{"line":137,"column":2},"end":{"line":137,"column":6}},"loc":{"start":{"line":137,"column":20},"end":{"line":139,"column":3}}},"22":{"name":"(anonymous_22)","decl":{"start":{"line":143,"column":2},"end":{"line":143,"column":14}},"loc":{"start":{"line":143,"column":33},"end":{"line":145,"column":3}}},"23":{"name":"(anonymous_23)","decl":{"start":{"line":149,"column":2},"end":{"line":149,"column":14}},"loc":{"start":{"line":149,"column":39},"end":{"line":151,"column":3}}}},"branchMap":{"0":{"loc":{"start":{"line":4,"column":5},"end":{"line":4,"column":null}},"type":"binary-expr","locations":[{"start":{"line":4,"column":5},"end":{"line":4,"column":15}},{"start":{"line":4,"column":5},"end":{"line":4,"column":null}}]},"1":{"loc":{"start":{"line":11,"column":5},"end":{"line":11,"column":null}},"type":"binary-expr","locations":[{"start":{"line":11,"column":5},"end":{"line":11,"column":19}},{"start":{"line":11,"column":5},"end":{"line":11,"column":null}}]},"2":{"loc":{"start":{"line":29,"column":14},"end":{"line":29,"column":33}},"type":"default-arg","locations":[{"start":{"line":29,"column":32},"end":{"line":29,"column":33}}]},"3":{"loc":{"start":{"line":45,"column":27},"end":{"line":45,"column":80}},"type":"if","locations":[{"start":{"line":45,"column":27},"end":{"line":45,"column":80}}]},"4":{"loc":{"start":{"line":51,"column":14},"end":{"line":51,"column":48}},"type":"default-arg","locations":[{"start":{"line":51,"column":24},"end":{"line":51,"column":48}}]},"5":{"loc":{"start":{"line":59,"column":14},"end":{"line":59,"column":35}},"type":"default-arg","locations":[{"start":{"line":59,"column":24},"end":{"line":59,"column":35}}]},"6":{"loc":{"start":{"line":70,"column":14},"end":{"line":70,"column":35}},"type":"default-arg","locations":[{"start":{"line":70,"column":24},"end":{"line":70,"column":35}}]},"7":{"loc":{"start":{"line":76,"column":14},"end":{"line":76,"column":40}},"type":"default-arg","locations":[{"start":{"line":76,"column":24},"end":{"line":76,"column":40}}]},"8":{"loc":{"start":{"line":82,"column":14},"end":{"line":82,"column":40}},"type":"default-arg","locations":[{"start":{"line":82,"column":24},"end":{"line":82,"column":40}}]},"9":{"loc":{"start":{"line":122,"column":14},"end":{"line":122,"column":46}},"type":"default-arg","locations":[{"start":{"line":122,"column":24},"end":{"line":122,"column":46}}]},"10":{"loc":{"start":{"line":143,"column":14},"end":{"line":143,"column":33}},"type":"default-arg","locations":[{"start":{"line":143,"column":23},"end":{"line":143,"column":33}}]},"11":{"loc":{"start":{"line":149,"column":14},"end":{"line":149,"column":39}},"type":"default-arg","locations":[{"start":{"line":149,"column":24},"end":{"line":149,"column":39}}]}},"s":{"0":1,"1":1,"2":1,"3":1,"4":1,"5":1,"6":1,"7":1,"8":1,"9":1,"10":1,"11":1,"12":1,"13":1,"14":1,"15":1,"16":3,"17":3,"18":3,"19":3,"20":3,"21":2,"22":3,"23":3,"24":3,"25":3,"26":10,"27":0,"28":3,"29":2,"30":1,"31":0,"32":0,"33":1,"34":0,"35":1,"36":0,"37":1,"38":0,"39":1,"40":0,"41":1,"42":0,"43":1,"44":1,"45":1,"46":1,"47":1,"48":0,"49":0,"50":0,"51":1,"52":0,"53":0,"54":0,"55":0,"56":1,"57":0,"58":0,"59":0,"60":0,"61":1,"62":0,"63":1,"64":0,"65":1},"f":{"0":1,"1":1,"2":3,"3":3,"4":2,"5":3,"6":2,"7":0,"8":0,"9":0,"10":0,"11":0,"12":0,"13":0,"14":1,"15":1,"16":0,"17":0,"18":0,"19":0,"20":0,"21":0,"22":0,"23":0},"b":{"0":[1,1],"1":[1,1],"2":[2],"3":[0],"4":[0],"5":[0],"6":[0],"7":[0],"8":[0],"9":[0],"10":[0],"11":[0]}}
}
