TN:
SF:src\app.ts
FN:16,(anonymous_8)
FN:25,(anonymous_9)
FN:33,(anonymous_10)
FN:34,(anonymous_11)
FN:38,(anonymous_12)
FN:43,(anonymous_13)
FN:47,(anonymous_14)
FN:48,(anonymous_15)
FN:48,(anonymous_16)
FN:53,(anonymous_17)
FN:54,(anonymous_18)
FNF:11
FNH:6
FNDA:1,(anonymous_8)
FNDA:1,(anonymous_9)
FNDA:1,(anonymous_10)
FNDA:1,(anonymous_11)
FNDA:0,(anonymous_12)
FNDA:1,(anonymous_13)
FNDA:1,(anonymous_14)
FNDA:0,(anonymous_15)
FNDA:0,(anonymous_16)
FNDA:0,(anonymous_17)
FNDA:0,(anonymous_18)
DA:1,1
DA:2,1
DA:3,1
DA:4,1
DA:5,1
DA:6,1
DA:9,1
DA:10,1
DA:17,1
DA:18,1
DA:19,1
DA:20,1
DA:21,1
DA:22,1
DA:26,1
DA:27,1
DA:28,1
DA:29,1
DA:30,1
DA:34,1
DA:35,1
DA:38,1
DA:39,0
DA:44,1
DA:48,1
DA:49,0
DA:54,0
DA:55,0
DA:56,0
DA:61,1
LF:30
LH:25
BRF:0
BRH:0
end_of_record
TN:
SF:src\data-source.ts
FN:25,(anonymous_1)
FN:27,(anonymous_2)
FNF:2
FNH:0
FNDA:0,(anonymous_1)
FNDA:0,(anonymous_2)
DA:1,1
DA:2,1
DA:4,1
DA:5,1
DA:6,1
DA:8,1
DA:10,1
DA:11,1
DA:13,1
DA:25,1
DA:26,0
DA:28,0
DA:33,1
LF:13
LH:11
BRDA:22,0,0,0
BRDA:22,0,1,1
BRF:2
BRH:1
end_of_record
TN:
SF:src\contoller\UserController.ts
FN:22,(anonymous_8)
FN:36,(anonymous_9)
FN:36,(anonymous_10)
FN:51,(anonymous_11)
FN:51,(anonymous_12)
FN:80,(anonymous_13)
FN:80,(anonymous_14)
FN:90,(anonymous_15)
FN:90,(anonymous_16)
FN:26,(anonymous_17)
FNF:10
FNH:4
FNDA:1,(anonymous_8)
FNDA:0,(anonymous_9)
FNDA:0,(anonymous_10)
FNDA:0,(anonymous_11)
FNDA:0,(anonymous_12)
FNDA:0,(anonymous_13)
FNDA:0,(anonymous_14)
FNDA:1,(anonymous_15)
FNDA:1,(anonymous_16)
FNDA:1,(anonymous_17)
DA:1,1
DA:3,1
DA:4,1
DA:5,1
DA:7,1
DA:9,1
DA:10,1
DA:12,1
DA:13,1
DA:14,1
DA:17,1
DA:18,1
DA:19,1
DA:20,1
DA:23,1
DA:27,1
DA:29,1
DA:33,1
DA:36,1
DA:37,0
DA:38,0
DA:39,0
DA:40,0
DA:41,0
DA:42,0
DA:44,0
DA:45,0
DA:47,0
DA:51,1
DA:52,0
DA:53,0
DA:54,0
DA:55,0
DA:56,0
DA:57,0
DA:58,0
DA:59,0
DA:61,0
DA:63,0
DA:64,0
DA:66,0
DA:68,0
DA:69,0
DA:71,0
DA:72,0
DA:73,0
DA:74,0
DA:76,0
DA:80,1
DA:81,0
DA:82,0
DA:83,0
DA:84,0
DA:86,0
DA:90,1
DA:91,1
DA:92,1
DA:93,1
DA:95,0
DA:101,1
LF:60
LH:26
BRDA:44,0,0,0
BRDA:56,1,0,0
BRDA:56,1,1,0
BRDA:61,2,0,0
BRDA:64,3,0,0
BRF:5
BRH:0
end_of_record
TN:
SF:src\entity\comment.ts
FN:16,(anonymous_2)
FN:19,(anonymous_3)
FN:23,(anonymous_4)
FNF:3
FNH:0
FNDA:0,(anonymous_2)
FNDA:0,(anonymous_3)
FNDA:0,(anonymous_4)
DA:1,1
DA:4,1
DA:5,1
DA:9,1
DA:11,1
DA:14,1
DA:16,0
DA:17,1
DA:19,0
DA:21,1
DA:23,0
DA:25,1
LF:12
LH:9
BRF:0
BRH:0
end_of_record
TN:
SF:src\entity\post.ts
FN:18,(anonymous_2)
FN:21,(anonymous_3)
FNF:2
FNH:0
FNDA:0,(anonymous_2)
FNDA:0,(anonymous_3)
DA:1,1
DA:4,1
DA:8,1
DA:10,1
DA:13,1
DA:16,1
DA:18,0
DA:19,1
DA:21,0
DA:23,1
LF:10
LH:8
BRF:0
BRH:0
end_of_record
TN:
SF:src\entity\user.ts
FN:13,(anonymous_2)
FN:28,(anonymous_3)
FNF:2
FNH:0
FNDA:0,(anonymous_2)
FNDA:0,(anonymous_3)
DA:1,1
DA:6,1
DA:8,1
DA:11,1
DA:13,0
DA:14,1
DA:18,1
DA:20,1
DA:23,1
DA:26,1
DA:28,0
DA:29,1
LF:12
LH:10
BRF:0
BRH:0
end_of_record
TN:
SF:src\middleware\auth.ts
FN:13,(anonymous_7)
FN:13,(anonymous_8)
FN:18,(anonymous_9)
FN:34,(anonymous_10)
FN:45,(anonymous_11)
FN:45,(anonymous_12)
FN:58,(anonymous_13)
FN:66,(anonymous_14)
FN:66,(anonymous_15)
FNF:9
FNH:8
FNDA:1,(anonymous_7)
FNDA:1,(anonymous_8)
FNDA:0,(anonymous_9)
FNDA:1,(anonymous_10)
FNDA:1,(anonymous_11)
FNDA:1,(anonymous_12)
FNDA:6,(anonymous_13)
FNDA:3,(anonymous_14)
FNDA:3,(anonymous_15)
DA:1,1
DA:3,1
DA:7,1
DA:9,1
DA:11,1
DA:13,1
DA:15,1
DA:18,1
DA:20,0
DA:24,1
DA:35,1
DA:36,1
DA:37,1
DA:38,1
DA:39,1
DA:40,1
DA:41,1
DA:45,1
DA:46,1
DA:54,1
DA:55,1
DA:58,1
DA:59,6
DA:60,6
DA:61,4
DA:62,3
DA:66,3
DA:67,3
DA:68,3
DA:70,3
DA:72,2
DA:73,1
DA:75,1
DA:76,1
DA:78,1
DA:80,2
DA:81,2
DA:82,1
DA:84,1
LF:39
LH:38
BRDA:50,0,0,1
BRDA:50,0,1,0
BRDA:54,1,0,0
BRDA:60,2,0,2
BRDA:61,3,0,1
BRDA:73,4,0,0
BRDA:73,5,0,1
BRDA:73,5,1,1
BRDA:76,6,0,0
BRDA:81,7,0,1
BRDA:81,8,0,2
BRDA:81,8,1,2
BRF:12
BRH:8
end_of_record
TN:
SF:src\middleware\errorHandler.ts
FN:5,(anonymous_0)
FNF:1
FNH:1
FNDA:2,(anonymous_0)
DA:3,1
DA:5,1
DA:6,2
DA:7,2
DA:9,0
DA:10,0
DA:11,0
DA:13,0
DA:17,1
LF:9
LH:5
BRDA:6,0,0,2
BRDA:6,0,1,0
BRDA:9,1,0,0
BRF:3
BRH:1
end_of_record
TN:
SF:src\middleware\validator.ts
FN:6,(anonymous_0)
FN:17,(anonymous_1)
FN:87,(anonymous_2)
FNF:3
FNH:1
FNDA:0,(anonymous_0)
FNDA:2,(anonymous_1)
FNDA:0,(anonymous_2)
DA:2,1
DA:4,1
DA:6,1
DA:17,1
DA:18,2
DA:25,1
DA:41,1
DA:55,1
DA:72,1
DA:87,1
DA:88,0
DA:89,0
DA:90,0
DA:92,0
LF:14
LH:10
BRDA:89,0,0,0
BRDA:89,0,1,0
BRF:2
BRH:0
end_of_record
TN:
SF:src\service\repository.ts
FNF:0
FNH:0
DA:1,1
DA:2,1
DA:3,1
DA:4,1
DA:6,1
DA:7,1
DA:8,1
DA:9,1
DA:12,1
LF:9
LH:9
BRF:0
BRH:0
end_of_record
TN:
SF:src\utils\cache.ts
FN:8,(anonymous_1)
FN:17,(anonymous_2)
FN:24,(anonymous_3)
FNF:3
FNH:1
FNDA:0,(anonymous_1)
FNDA:1,(anonymous_2)
FNDA:0,(anonymous_3)
DA:3,1
DA:4,1
DA:6,1
DA:9,0
DA:10,0
DA:12,0
DA:17,1
DA:19,1
DA:20,1
DA:24,1
DA:26,0
DA:27,0
DA:30,1
DA:31,1
DA:32,1
DA:33,1
LF:16
LH:11
BRDA:7,0,0,1
BRDA:7,0,1,0
BRDA:9,1,0,0
BRF:3
BRH:1
end_of_record
TN:
SF:src\utils\requestUtils\ApiError.ts
FN:13,(anonymous_0)
FN:29,(anonymous_1)
FN:33,(anonymous_2)
FN:66,(anonymous_3)
FN:72,(anonymous_4)
FN:78,(anonymous_5)
FN:84,(anonymous_6)
FN:90,(anonymous_7)
FN:96,(anonymous_8)
FN:102,(anonymous_9)
FN:108,(anonymous_10)
FN:114,(anonymous_11)
FN:120,(anonymous_12)
FN:126,(anonymous_13)
FN:132,(anonymous_14)
FNF:15
FNH:5
FNDA:1,(anonymous_0)
FNDA:4,(anonymous_1)
FNDA:2,(anonymous_2)
FNDA:3,(anonymous_3)
FNDA:0,(anonymous_4)
FNDA:0,(anonymous_5)
FNDA:0,(anonymous_6)
FNDA:0,(anonymous_7)
FNDA:0,(anonymous_8)
FNDA:1,(anonymous_9)
FNDA:0,(anonymous_10)
FNDA:0,(anonymous_11)
FNDA:0,(anonymous_12)
FNDA:0,(anonymous_13)
FNDA:0,(anonymous_14)
DA:2,1
DA:13,1
DA:14,1
DA:15,1
DA:16,1
DA:17,1
DA:18,1
DA:19,1
DA:20,1
DA:21,1
DA:22,1
DA:23,1
DA:24,1
DA:25,1
DA:28,1
DA:29,4
DA:30,4
DA:34,2
DA:38,2
DA:40,0
DA:42,0
DA:46,0
DA:48,0
DA:50,0
DA:52,0
DA:54,0
DA:56,0
DA:58,0
DA:59,0
DA:65,1
DA:67,3
DA:71,1
DA:73,0
DA:77,1
DA:79,0
DA:83,1
DA:85,0
DA:89,1
DA:91,0
DA:95,1
DA:97,0
DA:101,1
DA:103,1
DA:107,1
DA:109,0
DA:113,1
DA:115,0
DA:119,1
DA:121,0
DA:125,1
DA:127,0
DA:131,1
DA:133,0
LF:53
LH:33
BRDA:13,0,0,1
BRDA:13,0,1,1
BRDA:29,1,0,0
BRDA:34,2,0,1
BRDA:34,2,1,1
BRDA:34,2,2,2
BRDA:34,2,3,0
BRDA:34,2,4,0
BRDA:34,2,5,0
BRDA:34,2,6,0
BRDA:34,2,7,0
BRDA:34,2,8,0
BRDA:34,2,9,0
BRDA:34,2,10,0
BRDA:34,2,11,0
BRDA:34,2,12,0
BRDA:58,3,0,0
BRDA:66,4,0,0
BRDA:72,5,0,0
BRDA:78,6,0,0
BRDA:84,7,0,0
BRDA:90,8,0,0
BRDA:96,9,0,0
BRDA:102,10,0,0
BRDA:108,11,0,0
BRDA:114,12,0,0
BRDA:120,13,0,0
BRDA:126,14,0,0
BRDA:132,15,0,0
BRF:29
BRH:5
end_of_record
TN:
SF:src\utils\requestUtils\ApiResponse.ts
FN:4,(anonymous_0)
FN:11,(anonymous_1)
FN:25,(anonymous_2)
FN:32,(anonymous_3)
FN:36,(anonymous_4)
FN:40,(anonymous_5)
FN:51,(anonymous_6)
FN:59,(anonymous_7)
FN:63,(anonymous_8)
FN:70,(anonymous_9)
FN:76,(anonymous_10)
FN:82,(anonymous_11)
FN:88,(anonymous_12)
FN:94,(anonymous_13)
FN:100,(anonymous_14)
FN:104,(anonymous_15)
FN:110,(anonymous_16)
FN:114,(anonymous_17)
FN:122,(anonymous_18)
FN:126,(anonymous_19)
FN:133,(anonymous_20)
FN:137,(anonymous_21)
FN:143,(anonymous_22)
FN:149,(anonymous_23)
FNF:24
FNH:9
FNDA:1,(anonymous_0)
FNDA:1,(anonymous_1)
FNDA:3,(anonymous_2)
FNDA:3,(anonymous_3)
FNDA:2,(anonymous_4)
FNDA:3,(anonymous_5)
FNDA:2,(anonymous_6)
FNDA:0,(anonymous_7)
FNDA:0,(anonymous_8)
FNDA:0,(anonymous_9)
FNDA:0,(anonymous_10)
FNDA:0,(anonymous_11)
FNDA:0,(anonymous_12)
FNDA:0,(anonymous_13)
FNDA:1,(anonymous_14)
FNDA:1,(anonymous_15)
FNDA:0,(anonymous_16)
FNDA:0,(anonymous_17)
FNDA:0,(anonymous_18)
FNDA:0,(anonymous_19)
FNDA:0,(anonymous_20)
FNDA:0,(anonymous_21)
FNDA:0,(anonymous_22)
FNDA:0,(anonymous_23)
DA:4,1
DA:5,1
DA:6,1
DA:7,1
DA:8,1
DA:11,1
DA:12,1
DA:13,1
DA:14,1
DA:15,1
DA:16,1
DA:17,1
DA:18,1
DA:19,1
DA:20,1
DA:21,1
DA:26,3
DA:27,3
DA:28,3
DA:29,3
DA:33,3
DA:37,2
DA:41,3
DA:42,3
DA:44,3
DA:45,10
DA:46,3
DA:50,1
DA:52,2
DA:56,1
DA:60,0
DA:65,0
DA:69,1
DA:71,0
DA:75,1
DA:77,0
DA:81,1
DA:83,0
DA:87,1
DA:89,0
DA:93,1
DA:95,0
DA:99,1
DA:100,1
DA:101,1
DA:105,1
DA:109,1
DA:110,0
DA:111,0
DA:115,0
DA:119,1
DA:120,0
DA:123,0
DA:127,0
DA:128,0
DA:132,1
DA:133,0
DA:134,0
DA:138,0
DA:142,1
DA:144,0
DA:148,1
DA:150,0
LF:63
LH:44
BRDA:4,0,0,1
BRDA:4,0,1,1
BRDA:11,1,0,1
BRDA:11,1,1,1
BRDA:29,2,0,2
BRDA:45,3,0,0
BRDA:51,4,0,0
BRDA:59,5,0,0
BRDA:70,6,0,0
BRDA:76,7,0,0
BRDA:82,8,0,0
BRDA:122,9,0,0
BRDA:143,10,0,0
BRDA:149,11,0,0
BRF:14
BRH:5
end_of_record
